<?xml version="1.0" encoding="UTF-8"?>
<!-- Generated by org.testng.reporters.JUnitReportReporter -->
<testsuite hostname="DESKTOP-DHLKNK6" failures="0" tests="1" name="TestCases.test" time="9.683" errors="0" timestamp="2022-12-08T17:05:17 IST" skipped="0">
  <testcase classname="TestCases.test" name="method1" time="9.683"/>
  <system-out/>
</testsuite> <!-- TestCases.test -->
