<?xml version="1.0" encoding="UTF-8"?>
<!-- Generated by org.testng.reporters.JUnitReportReporter -->
<testsuite hostname="DESKTOP-DHLKNK6" failures="0" tests="1" name="TestCases.signupTestCase" time="13.074" errors="0" timestamp="2022-12-08T17:07:24 IST" skipped="0">
  <testcase classname="TestCases.signupTestCase" name="verifySignup" time="13.074"/>
  <system-out/>
</testsuite> <!-- TestCases.signupTestCase -->
